
mi., 16 de ago. de 2023 22:54:36: 
 exercises.c | 13 ++++++++++++-
 1 file changed, 12 insertions(+), 1 deletion(-)
 tests:  0|6
total_score: 10/70
dea6c12
ju., 17 de ago. de 2023 14:20:20: 
 exercises.c | 10 +++++++++-
 1 file changed, 9 insertions(+), 1 deletion(-)
 tests:  0|5
total_score: 20/70
8c6c5a6
ju., 17 de ago. de 2023 14:36:30: 
 exercises.c | 32 +++++++++++++++++++++++++++++++-
 1 file changed, 31 insertions(+), 1 deletion(-)
 tests:  0|4
total_score: 30/70
5fc6f0c
ju., 17 de ago. de 2023 14:52:23: 
 exercises.c | 17 +++++++++++++++--
 1 file changed, 15 insertions(+), 2 deletions(-)
In file included from test.c:1:
exercises.c: In function 'mergeSortedArrays':
exercises.c:88:36: error: 'arr' undeclared (first use in this function); did you mean 'arr2'?
     if(i < size1 && (j >= size2 || arr[i] <= arr2[j])){
                                    ^~~
                                    arr2
exercises.c:88:36: note: each undeclared identifier is reported only once for each function it appears in
exercises.c:90:10: error: expected ';' before '}' token
       i++
          ^
          ;
       }
       ~   
Compilation failed
037f986
ju., 17 de ago. de 2023 14:53:52: 
 exercises.c | 2 +-
 1 file changed, 1 insertion(+), 1 deletion(-)
In file included from test.c:1:
exercises.c: In function 'mergeSortedArrays':
exercises.c:90:10: error: expected ';' before '}' token
       i++
          ^
          ;
       }
       ~   
Compilation failed
7a4c00d
ju., 17 de ago. de 2023 14:54:22: 
 exercises.c | 2 +-
 1 file changed, 1 insertion(+), 1 deletion(-)
 tests:  0|3
total_score: 40/70
1774bd8
ju., 17 de ago. de 2023 16:26:25: 
 exercises.c | 27 ++++++++++++++++++++++++++-
 1 file changed, 26 insertions(+), 1 deletion(-)
 tests:  0|3
total_score: 40/70
59bd41b
ju., 17 de ago. de 2023 16:28:42: 
 exercises.c | 7 +++----
 1 file changed, 3 insertions(+), 4 deletions(-)
In file included from test.c:1:
exercises.c: In function 'checkSorted':
exercises.c:127:14: error: expected ';' before '}' token
     return -1
              ^
              ;
   }else return 0;
   ~           
Compilation failed
90b26ba
ju., 17 de ago. de 2023 16:30:26: 
 exercises.c | 12 +++++++-----
 1 file changed, 7 insertions(+), 5 deletions(-)
 tests:  0|3
total_score: 40/70
b305bc3
ju., 17 de ago. de 2023 16:35:21: 
 exercises.c | 23 +++++++----------------
 1 file changed, 7 insertions(+), 16 deletions(-)
 tests:  0|3
total_score: 40/70
86d23a2
ju., 17 de ago. de 2023 16:36:10: 
 exercises.c | 7 ++++---
 1 file changed, 4 insertions(+), 3 deletions(-)
In file included from test.c:1:
exercises.c: In function 'checkSorted':
exercises.c:122:12: error: expected '(' before '{' token
   }else if {
            ^
            (
exercises.c:125:1: error: control reaches end of non-void function [-Werror=return-type]
 }
 ^
cc1.exe: all warnings being treated as errors
Compilation failed
072dc8c
ju., 17 de ago. de 2023 16:39:25: 
 exercises.c | 7 ++++---
 1 file changed, 4 insertions(+), 3 deletions(-)
 tests:  0|3
total_score: 40/70
ccff525
ju., 17 de ago. de 2023 16:46:20: 
 exercises.c | 12 +++++++-----
 1 file changed, 7 insertions(+), 5 deletions(-)
 tests:  0|3
total_score: 40/70
e11cdca
ju., 17 de ago. de 2023 16:48:38: 
 exercises.c | 10 ++++------
 1 file changed, 4 insertions(+), 6 deletions(-)
In file included from test.c:1:
exercises.c: In function 'checkSorted':
exercises.c:126:1: error: control reaches end of non-void function [-Werror=return-type]
 }
 ^
cc1.exe: all warnings being treated as errors
Compilation failed
8a779db
ju., 17 de ago. de 2023 16:49:35: 
 exercises.c | 1 +
 1 file changed, 1 insertion(+)
 tests:  0|3
total_score: 40/70
8198bb4
ju., 17 de ago. de 2023 16:57:24: 
 exercises.c | 18 ++++++++++--------
 1 file changed, 10 insertions(+), 8 deletions(-)
In file included from test.c:1:
exercises.c: In function 'checkSorted':
exercises.c:124:3: error: expected '}' before 'else'
   else if (contAs != size && contDes != size){
   ^~~~
exercises.c: At top level:
exercises.c:129:1: error: expected identifier or '(' before '}' token
 }
 ^
exercises.c: In function 'checkSorted':
exercises.c:127:1: error: control reaches end of non-void function [-Werror=return-type]
 }
 ^
cc1.exe: all warnings being treated as errors
Compilation failed
61ee451
ju., 17 de ago. de 2023 16:58:17: 
 exercises.c | 2 +-
 1 file changed, 1 insertion(+), 1 deletion(-)
In file included from test.c:1:
exercises.c: In function 'checkSorted':
exercises.c:129:1: error: control reaches end of non-void function [-Werror=return-type]
 }
 ^
cc1.exe: all warnings being treated as errors
Compilation failed
11507c1
ju., 17 de ago. de 2023 16:59:17: 
 exercises.c | 6 +++---
 1 file changed, 3 insertions(+), 3 deletions(-)
In file included from test.c:1:
exercises.c: In function 'checkSorted':
exercises.c:129:1: error: control reaches end of non-void function [-Werror=return-type]
 }
 ^
cc1.exe: all warnings being treated as errors
Compilation failed
847ed82
ju., 17 de ago. de 2023 17:00:31: 
 exercises.c | 4 ++--
 1 file changed, 2 insertions(+), 2 deletions(-)
In file included from test.c:1:
exercises.c: In function 'checkSorted':
exercises.c:129:1: error: control reaches end of non-void function [-Werror=return-type]
 }
 ^
cc1.exe: all warnings being treated as errors
Compilation failed
3cd5a5b
ju., 17 de ago. de 2023 17:06:32: 
 exercises.c | 20 +++++++++-----------
 1 file changed, 9 insertions(+), 11 deletions(-)
In file included from test.c:1:
exercises.c: In function 'checkSorted':
exercises.c:119:17: error: expected ';' before '}' token
     aux = arr[i]
                 ^
                 ;
   }
   ~              
Compilation failed
4c8247c
ju., 17 de ago. de 2023 22:56:59: 
 exercises.c | 15 ++++++++-------
 1 file changed, 8 insertions(+), 7 deletions(-)
 tests:  0|3
total_score: 40/70
558b429
ju., 17 de ago. de 2023 23:06:19: 
 exercises.c | 15 ++++++++-------
 1 file changed, 8 insertions(+), 7 deletions(-)
 tests:  0|2
total_score: 50/70
52d8451
vi., 18 de ago. de 2023  0:11:32: 
 exercises.c | 9 +++++++--
 1 file changed, 7 insertions(+), 2 deletions(-)
In file included from test.c:1:
exercises.c: In function 'inicializarLibro':
exercises.c:154:10: error: 'return' with a value, in function returning void [-Werror]
   return 0;
          ^
exercises.c:149:6: note: declared here
 void inicializarLibro(Libro *libro, const char *titulo, const char *nombreAutor,int anioNacimiento, int anioPublicacion) {
      ^~~~~~~~~~~~~~~~
cc1.exe: all warnings being treated as errors
Compilation failed
283666a
vi., 18 de ago. de 2023  0:13:46: 
 exercises.c | 4 ++--
 1 file changed, 2 insertions(+), 2 deletions(-)
 tests:  0|1
total_score: 60/70
050efbc
vi., 18 de ago. de 2023 20:40:23: 
 exercises.c | 25 +++++++++++++------------
 1 file changed, 13 insertions(+), 12 deletions(-)
 tests:  0|1
total_score: 60/70
6fa89df
vi., 18 de ago. de 2023 21:25:13: 
 exercises.c | 26 +++++++++++++++++++++++++-
 1 file changed, 25 insertions(+), 1 deletion(-)
 tests:  0|1
total_score: 60/70
be0f198
